#
# A fatal error has been detected by the Java Runtime Environment:
#
#  EXCEPTION_ACCESS_VIOLATION (0xc0000005) at pc=0xffffffffa33a5120, pid=9912, tid=6848
#
# JRE version: Java(TM) SE Runtime Environment (8.0_65-b17) (build 1.8.0_65-b17)
# Java VM: Java HotSpot(TM) 64-Bit Server VM (25.65-b01 mixed mode windows-amd64 compressed oops)
# Problematic frame:
# C  0xffffffffa33a5120
#
# Failed to write core dump. Minidumps are not enabled by default on client versions of Windows
#
# If you would like to submit a bug report, please visit:
#   http://bugreport.java.com/bugreport/crash.jsp
#

---------------  T H R E A D  ---------------

Current thread (0x000000000055d800):  JavaThread "main" [_thread_in_Java, id=6848, stack(0x00000000020a0000,0x00000000021a0000)]

siginfo: ExceptionCode=0xc0000005, ExceptionInformation=0x0000000000000008 0xffffffffa33a5120

Registers:
RAX=0x00000000ecd70138, RBX=0x0000000000147364, RCX=0x00000000c0002000, RDX=0x00000000ecd70118
RSP=0x000000000219efd8, RBP=0x000000000219f328, RSI=0x00000000ecd70118, RDI=0x0000000000000000
R8 =0x00000000ec091e40, R9 =0x00000000ecd70138, R10=0x0000000000147364, R11=0x0000000000000000
R12=0x0000000000000000, R13=0x00000000ec091c58, R14=0x0000000100072278, R15=0x000000000055d800
RIP=0xffffffffa33a5120, EFLAGS=0x0000000000010212

Top of Stack: (sp=0x000000000219efd8)
0x000000000219efd8:   000000000267fd04 0000000000000000
0x000000000219efe8:   0000000000000000 000000000219f328
0x000000000219eff8:   00000000025ec6cc 0000000000000000
0x000000000219f008:   0000000000000000 000000000219f080
0x000000000219f018:   00000000023a7200 000000000055d800
0x000000000219f028:   00000000023a7200 00000000eaf6ce38
0x000000000219f038:   00000000ecb81680 00000000ec091be0
0x000000000219f048:   00000000ecdc9130 00000000ecf35fb0
0x000000000219f058:   000cff4800000000 00000000ec091bd0
0x000000000219f068:   00000000ec091bc0 00000000ec091e40
0x000000000219f078:   0000000000000006 0000000000000000
0x000000000219f088:   00000000ec091be0 0000000000000000
0x000000000219f098:   00000000eaf6e4d0 000000000219f328
0x000000000219f0a8:   00000000026560a4 000000000219f328
0x000000000219f0b8:   000000000264e3d4 00000000eaf6ce58
0x000000000219f0c8:   0000000000000000 00000000ec091700 

Instructions: (pc=0xffffffffa33a5120)
0xffffffffa33a5100:   
[error occurred during error reporting (printing registers, top of stack, instructions near pc), id 0xc0000005]

Register to memory mapping:

RAX=0x00000000ecd70138 is an oop
java.nio.HeapByteBuffer 
 - klass: 'java/nio/HeapByteBuffer'
RBX=0x0000000000147364 is an unknown value
RCX=0x00000000c0002000 is an oop
[B 
 - klass: {type array byte}
 - length: 3122524
RDX=0x00000000ecd70118 is an oop
com.android.dex.Dex$Section 
 - klass: 'com/android/dex/Dex$Section'
RSP=0x000000000219efd8 is pointing into the stack for thread: 0x000000000055d800
RBP=0x000000000219f328 is pointing into the stack for thread: 0x000000000055d800
RSI=0x00000000ecd70118 is an oop
com.android.dex.Dex$Section 
 - klass: 'com/android/dex/Dex$Section'
RDI=0x0000000000000000 is an unknown value
R8 =0x00000000ec091e40 is an oop
[S 
 - klass: {type array short}
 - length: 6
R9 =0x00000000ecd70138 is an oop
java.nio.HeapByteBuffer 
 - klass: 'java/nio/HeapByteBuffer'
R10=0x0000000000147364 is an unknown value
R11=0x0000000000000000 is an unknown value
R12=0x0000000000000000 is an unknown value
R13=0x00000000ec091c58 is an oop
[Lcom.android.dx.io.instructions.DecodedInstruction; 
 - klass: 'com/android/dx/io/instructions/DecodedInstruction'[]
 - length: 6
R14=0x0000000100072278 is pointing into metadata
R15=0x000000000055d800 is a thread


Stack: [0x00000000020a0000,0x00000000021a0000],  sp=0x000000000219efd8,  free space=1019k
Native frames: (J=compiled Java code, j=interpreted, Vv=VM code, C=native code)
C  0xffffffffa33a5120


---------------  P R O C E S S  ---------------

Java Threads: ( => current thread )
  0x0000000014acd800 JavaThread "Service Thread" daemon [_thread_blocked, id=4024, stack(0x00000000166c0000,0x00000000167c0000)]
  0x0000000014a78800 JavaThread "C1 CompilerThread2" daemon [_thread_blocked, id=16220, stack(0x00000000161c0000,0x00000000162c0000)]
  0x0000000014a70800 JavaThread "C2 CompilerThread1" daemon [_thread_in_native, id=5584, stack(0x00000000160c0000,0x00000000161c0000)]
  0x0000000014a6d800 JavaThread "C2 CompilerThread0" daemon [_thread_in_native, id=6600, stack(0x0000000015fc0000,0x00000000160c0000)]
  0x0000000014a6b800 JavaThread "Attach Listener" daemon [_thread_blocked, id=13996, stack(0x0000000015ec0000,0x0000000015fc0000)]
  0x0000000014a6a000 JavaThread "Signal Dispatcher" daemon [_thread_blocked, id=4872, stack(0x0000000015dc0000,0x0000000015ec0000)]
  0x0000000002396800 JavaThread "Finalizer" daemon [_thread_blocked, id=1732, stack(0x0000000015cc0000,0x0000000015dc0000)]
  0x0000000014a39000 JavaThread "Reference Handler" daemon [_thread_blocked, id=13004, stack(0x0000000015bc0000,0x0000000015cc0000)]
=>0x000000000055d800 JavaThread "main" [_thread_in_Java, id=6848, stack(0x00000000020a0000,0x00000000021a0000)]

Other Threads:
  0x0000000014a37800 VMThread [stack: 0x0000000015ac0000,0x0000000015bc0000] [id=8252]
  0x0000000016303000 WatcherThread [stack: 0x00000000167c0000,0x00000000168c0000] [id=232]

VM state:not at safepoint (normal execution)

VM Mutex/Monitor currently owned by a thread: None

Heap:
 PSYoungGen      total 38400K, used 27105K [0x00000000eab00000, 0x00000000ef600000, 0x0000000100000000)
  eden space 33280K, 67% used [0x00000000eab00000,0x00000000ec0c6aa8,0x00000000ecb80000)
  from space 5120K, 93% used [0x00000000ecb80000,0x00000000ed031a68,0x00000000ed080000)
  to   space 5120K, 0% used [0x00000000ef100000,0x00000000ef100000,0x00000000ef600000)
 ParOldGen       total 87552K, used 12205K [0x00000000c0000000, 0x00000000c5580000, 0x00000000eab00000)
  object space 87552K, 13% used [0x00000000c0000000,0x00000000c0beb5c0,0x00000000c5580000)
 Metaspace       used 4380K, capacity 5424K, committed 5632K, reserved 1056768K
  class space    used 471K, capacity 488K, committed 512K, reserved 1048576K

Card table byte_map: [0x0000000011760000,0x0000000011970000] byte_map_base: 0x0000000011160000

Marking Bits: (ParMarkBitMap*) 0x0000000061f4a5b0
 Begin Bits: [0x0000000011ed0000, 0x0000000012ed0000)
 End Bits:   [0x0000000012ed0000, 0x0000000013ed0000)

Polling page: 0x0000000000520000

CodeCache: size=245760Kb used=3004Kb max_used=3004Kb free=242755Kb
 bounds [0x00000000023a0000, 0x00000000026a0000, 0x00000000113a0000]
 total_blobs=1124 nmethods=862 adapters=175
 compilation: enabled

Compilation events (10 events):
Event: 1.027 Thread 0x0000000014a70800 nmethod 538 0x00000000026878d0 code [0x0000000002687e40, 0x000000000268aaa8]
Event: 1.027 Thread 0x0000000014a70800  862       4       com.android.dex.Dex$Section::write (33 bytes)
Event: 1.030 Thread 0x0000000014a78800  876       2       com.android.dx.io.instructions.InstructionCodec$23::decode (87 bytes)
Event: 1.031 Thread 0x0000000014a78800 nmethod 876 0x0000000002686a10 code [0x0000000002686be0, 0x0000000002687198]
Event: 1.031 Thread 0x0000000014a78800  878       2       com.android.dex.Dex$Section::readCatchHandlers (56 bytes)
Event: 1.031 Thread 0x0000000014a78800 nmethod 878 0x0000000002686310 code [0x00000000026864a0, 0x00000000026867f8]
Event: 1.031 Thread 0x0000000014a78800  877       2       com.android.dx.io.instructions.InstructionCodec$23::encode (37 bytes)
Event: 1.032 Thread 0x0000000014a78800 nmethod 877 0x0000000002685bd0 code [0x0000000002685d60, 0x0000000002686018]
Event: 1.035 Thread 0x0000000014a70800 nmethod 862 0x0000000002683f90 code [0x00000000026840e0, 0x0000000002684498]
Event: 1.035 Thread 0x0000000014a70800  840       4       com.android.dx.merge.InstructionTransformer$MethodVisitor::visit (63 bytes)

GC Heap History (2 events):
Event: 0.666 GC heap before
{Heap before GC invocations=1 (full 0):
 PSYoungGen      total 38400K, used 33280K [0x00000000eab00000, 0x00000000ed580000, 0x0000000100000000)
  eden space 33280K, 100% used [0x00000000eab00000,0x00000000ecb80000,0x00000000ecb80000)
  from space 5120K, 0% used [0x00000000ed080000,0x00000000ed080000,0x00000000ed580000)
  to   space 5120K, 0% used [0x00000000ecb80000,0x00000000ecb80000,0x00000000ed080000)
 ParOldGen       total 87552K, used 0K [0x00000000c0000000, 0x00000000c5580000, 0x00000000eab00000)
  object space 87552K, 0% used [0x00000000c0000000,0x00000000c0000000,0x00000000c5580000)
 Metaspace       used 3890K, capacity 5008K, committed 5120K, reserved 1056768K
  class space    used 423K, capacity 456K, committed 512K, reserved 1048576K
Event: 0.683 GC heap after
Heap after GC invocations=1 (full 0):
 PSYoungGen      total 38400K, used 4806K [0x00000000eab00000, 0x00000000ef600000, 0x0000000100000000)
  eden space 33280K, 0% used [0x00000000eab00000,0x00000000eab00000,0x00000000ecb80000)
  from space 5120K, 93% used [0x00000000ecb80000,0x00000000ed031a68,0x00000000ed080000)
  to   space 5120K, 0% used [0x00000000ef100000,0x00000000ef100000,0x00000000ef600000)
 ParOldGen       total 87552K, used 12205K [0x00000000c0000000, 0x00000000c5580000, 0x00000000eab00000)
  object space 87552K, 13% used [0x00000000c0000000,0x00000000c0beb5c0,0x00000000c5580000)
 Metaspace       used 3890K, capacity 5008K, committed 5120K, reserved 1056768K
  class space    used 423K, capacity 456K, committed 512K, reserved 1048576K
}

Deoptimization events (10 events):
Event: 0.718 Thread 0x000000000055d800 Uncommon trap: reason=predicate action=maybe_recompile pc=0x00000000025b9ac0 method=com.android.dex.Leb128.readUnsignedLeb128(Lcom/android/dex/util/ByteInput;)I @ 41
Event: 0.724 Thread 0x000000000055d800 Uncommon trap: reason=class_check action=maybe_recompile pc=0x000000000255955c method=com.android.dx.merge.DexMerger$IdMerger$UnsortedValue.compareTo(Lcom/android/dx/merge/DexMerger$IdMerger$UnsortedValue;)I @ 8
Event: 0.724 Thread 0x000000000055d800 Uncommon trap: reason=class_check action=maybe_recompile pc=0x000000000255955c method=com.android.dx.merge.DexMerger$IdMerger$UnsortedValue.compareTo(Lcom/android/dx/merge/DexMerger$IdMerger$UnsortedValue;)I @ 8
Event: 0.724 Thread 0x000000000055d800 Uncommon trap: reason=class_check action=maybe_recompile pc=0x000000000255955c method=com.android.dx.merge.DexMerger$IdMerger$UnsortedValue.compareTo(Lcom/android/dx/merge/DexMerger$IdMerger$UnsortedValue;)I @ 8
Event: 0.724 Thread 0x000000000055d800 Uncommon trap: reason=class_check action=maybe_recompile pc=0x000000000255955c method=com.android.dx.merge.DexMerger$IdMerger$UnsortedValue.compareTo(Lcom/android/dx/merge/DexMerger$IdMerger$UnsortedValue;)I @ 8
Event: 0.724 Thread 0x000000000055d800 Uncommon trap: reason=class_check action=maybe_recompile pc=0x00000000025680f8 method=com.android.dx.merge.DexMerger$IdMerger$UnsortedValue.compareTo(Lcom/android/dx/merge/DexMerger$IdMerger$UnsortedValue;)I @ 8
Event: 0.756 Thread 0x000000000055d800 Uncommon trap: reason=unstable_if action=reinterpret pc=0x00000000025ca85c method=com.android.dex.EncodedValueCodec.readUnsignedInt(Lcom/android/dex/util/ByteInput;IZ)I @ 3
Event: 0.839 Thread 0x000000000055d800 Uncommon trap: reason=unstable_if action=reinterpret pc=0x000000000257a574 method=com.android.dx.merge.IndexMap.adjustString(I)I @ 2
Event: 0.890 Thread 0x000000000055d800 Uncommon trap: reason=unstable_if action=reinterpret pc=0x00000000025f5c7c method=java.util.HashMap.getNode(ILjava/lang/Object;)Ljava/util/HashMap$Node; @ 84
Event: 0.890 Thread 0x000000000055d800 Uncommon trap: reason=unstable_if action=reinterpret pc=0x00000000025dd6fc method=java.util.HashMap.getNode(ILjava/lang/Object;)Ljava/util/HashMap$Node; @ 84

Internal exceptions (2 events):
Event: 0.051 Thread 0x000000000055d800 Exception <a 'java/lang/NoSuchMethodError': Method sun.misc.Unsafe.defineClass(Ljava/lang/String;[BII)Ljava/lang/Class; name or signature does not match> (0x00000000eab0dd70) thrown at [C:\workspace\8-2-build-windows-amd64-cygwin\jdk8u65\4987\hotspot\src\s0<£G›_ª?
Event: 0.052 Thread 0x000000000055d800 Exception <a 'java/lang/NoSuchMethodError': Method sun.misc.Unsafe.prefetchRead(Ljava/lang/Object;J)V name or signature does not match> (0x00000000eab0e058) thrown at [C:\workspace\8-2-build-windows-amd64-cygwin\jdk8u65\4987\hotspot\src\share\vm\prims\jni.

Events (10 events):
Event: 1.008 Thread 0x000000000055d800 DEOPT PACKING pc=0x0000000002627a86 sp=0x000000000219ef80
Event: 1.008 Thread 0x000000000055d800 DEOPT UNPACKING pc=0x00000000023e71bf sp=0x000000000219eca0 mode 0
Event: 1.021 Thread 0x000000000055d800 DEOPT PACKING pc=0x0000000002627a86 sp=0x000000000219ef80
Event: 1.021 Thread 0x000000000055d800 DEOPT UNPACKING pc=0x00000000023e71bf sp=0x000000000219eca0 mode 0
Event: 1.023 Thread 0x000000000055d800 DEOPT PACKING pc=0x0000000002627a86 sp=0x000000000219ef80
Event: 1.024 Thread 0x000000000055d800 DEOPT UNPACKING pc=0x00000000023e71bf sp=0x000000000219eca0 mode 0
Event: 1.027 Thread 0x000000000055d800 DEOPT PACKING pc=0x0000000002627a86 sp=0x000000000219ef80
Event: 1.027 Thread 0x000000000055d800 DEOPT UNPACKING pc=0x00000000023e71bf sp=0x000000000219eca0 mode 0
Event: 1.033 Thread 0x000000000055d800 DEOPT PACKING pc=0x0000000002627a86 sp=0x000000000219ef80
Event: 1.033 Thread 0x000000000055d800 DEOPT UNPACKING pc=0x00000000023e71bf sp=0x000000000219eca0 mode 0


Dynamic libraries:
0x00007ff6d0730000 - 0x00007ff6d0767000 	C:\Program Files\Java\jdk1.8.0_65\bin\java.exe
0x00007ff84cc00000 - 0x00007ff84cdc1000 	C:\Windows\SYSTEM32\ntdll.dll
0x00007ff84c980000 - 0x00007ff84ca2d000 	C:\Windows\system32\KERNEL32.DLL
0x00007ff8493c0000 - 0x00007ff8495a8000 	C:\Windows\system32\KERNELBASE.dll
0x00007ff84ad40000 - 0x00007ff84ade7000 	C:\Windows\system32\ADVAPI32.dll
0x00007ff84b280000 - 0x00007ff84b31d000 	C:\Windows\system32\msvcrt.dll
0x00007ff84a9c0000 - 0x00007ff84aa1b000 	C:\Windows\system32\sechost.dll
0x00007ff84cae0000 - 0x00007ff84cbfc000 	C:\Windows\system32\RPCRT4.dll
0x00007ff84abe0000 - 0x00007ff84ad36000 	C:\Windows\system32\USER32.dll
0x00007ff84a4b0000 - 0x00007ff84a636000 	C:\Windows\system32\GDI32.dll
0x00007ff83f960000 - 0x00007ff83fbd4000 	C:\Windows\WinSxS\amd64_microsoft.windows.common-controls_6595b64144ccf1df_6.0.10586.0_none_8c15ae12515e1c22\COMCTL32.dll
0x00007ff84a680000 - 0x00007ff84a8fd000 	C:\Windows\system32\combase.dll
0x00007ff849890000 - 0x00007ff8498fa000 	C:\Windows\system32\bcryptPrimitives.dll
0x00007ff84a640000 - 0x00007ff84a67b000 	C:\Windows\system32\IMM32.DLL
0x00000000611e0000 - 0x00000000612b2000 	C:\Program Files\Java\jdk1.8.0_65\jre\bin\msvcr100.dll
0x0000000061740000 - 0x0000000061fc9000 	C:\Program Files\Java\jdk1.8.0_65\jre\bin\server\jvm.dll
0x00007ff84c970000 - 0x00007ff84c978000 	C:\Windows\system32\PSAPI.DLL
0x00007ff847840000 - 0x00007ff847863000 	C:\Windows\SYSTEM32\WINMM.dll
0x00007ff838250000 - 0x00007ff838259000 	C:\Windows\SYSTEM32\WSOCK32.dll
0x00007ff845dd0000 - 0x00007ff845dda000 	C:\Windows\SYSTEM32\VERSION.dll
0x00007ff8477e0000 - 0x00007ff84780c000 	C:\Windows\SYSTEM32\WINMMBASE.dll
0x00007ff84b320000 - 0x00007ff84b38b000 	C:\Windows\system32\WS2_32.dll
0x00007ff849370000 - 0x00007ff8493b3000 	C:\Windows\system32\cfgmgr32.dll
0x0000000061650000 - 0x000000006165f000 	C:\Program Files\Java\jdk1.8.0_65\jre\bin\verify.dll
0x0000000061620000 - 0x0000000061649000 	C:\Program Files\Java\jdk1.8.0_65\jre\bin\java.dll
0x0000000061600000 - 0x0000000061616000 	C:\Program Files\Java\jdk1.8.0_65\jre\bin\zip.dll
0x00007ff84b410000 - 0x00007ff84c96c000 	C:\Windows\system32\SHELL32.dll
0x00007ff849900000 - 0x00007ff849f45000 	C:\Windows\system32\windows.storage.dll
0x00007ff84b220000 - 0x00007ff84b272000 	C:\Windows\system32\shlwapi.dll
0x00007ff849220000 - 0x00007ff84922f000 	C:\Windows\system32\kernel.appcore.dll
0x00007ff8492b0000 - 0x00007ff849365000 	C:\Windows\system32\shcore.dll
0x00007ff849260000 - 0x00007ff8492ab000 	C:\Windows\system32\powrprof.dll
0x00007ff849240000 - 0x00007ff849254000 	C:\Windows\system32\profapi.dll
0x00007ff8444a0000 - 0x00007ff84462c000 	C:\Windows\SYSTEM32\dbghelp.dll

VM Arguments:
jvm_args: -Djava.awt.headless=true -Xmx1024M -Dfile.encoding=windows-1252 -Duser.country=US -Duser.language=en -Duser.variant 
java_command: com.android.dx.command.Main --dex --num-threads=4 --output C:\Users\Bryan\StudioProjects\Rings\app\build\intermediates\transforms\dex\debug\folders\1000\1f\main C:\Users\Bryan\StudioProjects\Rings\app\build\intermediates\pre-dexed\debug\support-annotations-23.2.0_8c517d1b5c45b42b48b6a081fa6ae0e87dbc3261.jar C:\Users\Bryan\StudioProjects\Rings\app\build\intermediates\pre-dexed\debug\com.android.support-animated-vector-drawable-23.2.0_087a2007fc43aee498be808a3c1d25b504e1dabd.jar C:\Users\Bryan\StudioProjects\Rings\app\build\intermediates\pre-dexed\debug\com.android.support-support-vector-drawable-23.2.0_289e4a4009becf127eb7fb79d75cd173c595b14f.jar C:\Users\Bryan\StudioProjects\Rings\app\build\intermediates\pre-dexed\debug\butterknife-7.0.1_025d9f5808760f8aed6980cb71b95a5af1fb0dfc.jar C:\Users\Bryan\StudioProjects\Rings\app\build\intermediates\pre-dexed\debug\debug_e45038541c3d7a57be1c0e5514d72d2462eea0ca.jar C:\Users\Bryan\StudioProjects\Rings\app\build\intermediates\pre-dexed\debug\internal_impl-23.2.0_90947f69c26327c4fcb0ee078a8f71bdee7ece78.jar C:\Users\Bryan\StudioProjects\Rings\app\build\intermediates\pre-dexed\debug\com.android.support-design-23.1.1_e64ae055e32694fc74d949089b7b1e0b9c4ca1c7.jar C:\Users\Bryan\StudioProjects\Rings\app\build\intermediates\pre-dexed\debug\com.android.support-recyclerview-v7-23.1.1_a39fb2d42fa7c5b14ea809d56731116fd39af9c9.jar C:\Users\Bryan\StudioProjects\Rings\app\build\intermediates\pre-dexed\debug\com.android.support-appcompat-v7-23.2.0_7ade0662aa8d9d424b959273f0948bdddf1583e0.jar C:\Users\Bryan\StudioProjects\Rings\app\build\intermediates\pre-dexed\debug\com.android.support-support-v4-23.2.0_5db4f46a321fe7b8da80e9b034a0cd50db6ad33d.jar
java_class_path (initial): C:\Users\Bryan\AppData\Local\Android\sdk\build-tools\23.0.2\lib\dx.jar
Launcher Type: SUN_STANDARD

Environment Variables:
PATH=C:\ProgramData\Oracle\Java\javapath;C:\Windows\system32;C:\Windows;C:\Windows\System32\Wbem;C:\Windows\System32\WindowsPowerShell\v1.0\;C:\Program Files (x86)\ATI Technologies\ATI.ACE\Core-Static;C:\Program Files\Git\cmd;C:\Program Files (x86)\GNU\GnuPG\pub
USERNAME=Bryan
OS=Windows_NT
PROCESSOR_IDENTIFIER=Intel64 Family 6 Model 15 Stepping 11, GenuineIntel



---------------  S Y S T E M  ---------------

OS: Windows 10.0 , 64 bit Build 10586 (10.0.10586.0)

CPU:total 4 (4 cores per cpu, 1 threads per core) family 6 model 15 stepping 11, cmov, cx8, fxsr, mmx, sse, sse2, sse3, ssse3, tsc

Memory: 4k page, physical 8386804k(3882168k free), swap 16775412k(10119180k free)

vm_info: Java HotSpot(TM) 64-Bit Server VM (25.65-b01) for windows-amd64 JRE (1.8.0_65-b17), built on Oct  6 2015 16:39:20 by "java_re" with MS VC++ 10.0 (VS2010)

time: Wed Mar 23 19:27:43 2016
elapsed time: 1 seconds (0d 0h 0m 1s)

